<?xml version="1.0" encoding="UTF-8"?>
<!-- Generated by org.testng.reporters.JUnitXMLReporter -->
<testsuite ignored="0" hostname="Aman" failures="1" tests="1" name="master" time="9.307" errors="0" timestamp="2026-03-16T15:57:52 IST">
  <testcase classname="testCases.TC_002InitialPrice" name="initialPrice" time="2.684">
    <failure type="java.lang.NumberFormatException" message="For input string: &amp;quot;Rs. 949&amp;quot;">
      <![CDATA[java.lang.NumberFormatException: For input string: "Rs. 949"
at java.base/java.lang.NumberFormatException.forInputString(NumberFormatException.java:67)
at java.base/java.lang.Integer.parseInt(Integer.java:662)
at java.base/java.lang.Integer.parseInt(Integer.java:778)
at pageObjects.InitialPrice.getFirstFiveProductPrices(InitialPrice.java:39)
at testCases.TC_002InitialPrice.initialPrice(TC_002InitialPrice.java:23)
at java.base/java.util.ArrayList.forEach(ArrayList.java:1596)
... Removed 25 stack frames]]>
    </failure>
  </testcase> <!-- initialPrice -->
</testsuite> <!-- master -->
