<?xml version="1.0" encoding="UTF-8"?>
<testng-results ignored="0" total="1" passed="1" failed="0" skipped="0">
  <reporter-output>
  </reporter-output>
  <suite started-at="2026-03-18T20:26:24 IST" name="Suite" finished-at="2026-03-18T20:27:05 IST" duration-ms="40918">
    <groups>
    </groups>
    <test started-at="2026-03-18T20:26:24 IST" name="Test" finished-at="2026-03-18T20:27:05 IST" duration-ms="40918">
      <class name="testCases.TC_003PriceHighToLow">
        <test-method is-config="true" signature="setup(java.lang.String,java.lang.String)[pri:0, instance:testCases.TC_003PriceHighToLow@13b3d178]" started-at="2026-03-18T20:26:24 IST" name="setup" finished-at="2026-03-18T20:26:30 IST" duration-ms="5853" status="PASS">
          <params>
            <param index="0">
              <value>
                <![CDATA[windows]]>
              </value>
            </param>
            <param index="1">
              <value>
                <![CDATA[chrome]]>
              </value>
            </param>
          </params>
          <reporter-output>
          </reporter-output>
        </test-method> <!-- setup -->
        <test-method signature="verifyPriceFromProductPage()[pri:0, instance:testCases.TC_003PriceHighToLow@13b3d178]" started-at="2026-03-18T20:26:30 IST" name="verifyPriceFromProductPage" finished-at="2026-03-18T20:27:04 IST" duration-ms="34155" status="PASS">
          <reporter-output>
          </reporter-output>
        </test-method> <!-- verifyPriceFromProductPage -->
        <test-method is-config="true" signature="tearDown()[pri:0, instance:testCases.TC_003PriceHighToLow@13b3d178]" started-at="2026-03-18T20:27:04 IST" name="tearDown" finished-at="2026-03-18T20:27:05 IST" duration-ms="459" status="PASS">
          <reporter-output>
          </reporter-output>
        </test-method> <!-- tearDown -->
      </class> <!-- testCases.TC_003PriceHighToLow -->
    </test> <!-- Test -->
  </suite> <!-- Suite -->
</testng-results>
